Using pre-set license
Built from '2022.3/staging' branch; Version is '2022.3.19f1 (244b723c30a6) revision 2378610'; Using compiler version '192829333'; Build Type 'Release'
OS: 'Windows 10  (10.0.19045) 64bit Professional' Language: 'pt' Physical Memory: 32424 MB
BatchMode: 1, IsHumanControllingUs: 0, StartBugReporterOnCrash: 0, Is64bit: 1, IsPro: 1

COMMAND LINE ARGUMENTS:
C:\Program Files\Unity\Hub\Editor\2022.3.19f1\Editor\Unity.exe
-adb2
-batchMode
-noUpm
-name
AssetImportWorker0
-projectPath
C:/Users/Bruno/Documents/GitHub/Open-Word-Mod-3D
-logFile
Logs/AssetImportWorker0.log
-srvPort
52380
Successfully changed project path to: C:/Users/Bruno/Documents/GitHub/Open-Word-Mod-3D
C:/Users/Bruno/Documents/GitHub/Open-Word-Mod-3D
[UnityMemory] Configuration Parameters - Can be set up in boot.config
    "memorysetup-bucket-allocator-granularity=16"
    "memorysetup-bucket-allocator-bucket-count=8"
    "memorysetup-bucket-allocator-block-size=33554432"
    "memorysetup-bucket-allocator-block-count=8"
    "memorysetup-main-allocator-block-size=16777216"
    "memorysetup-thread-allocator-block-size=16777216"
    "memorysetup-gfx-main-allocator-block-size=16777216"
    "memorysetup-gfx-thread-allocator-block-size=16777216"
    "memorysetup-cache-allocator-block-size=4194304"
    "memorysetup-typetree-allocator-block-size=2097152"
    "memorysetup-profiler-bucket-allocator-granularity=16"
    "memorysetup-profiler-bucket-allocator-bucket-count=8"
    "memorysetup-profiler-bucket-allocator-block-size=33554432"
    "memorysetup-profiler-bucket-allocator-block-count=8"
    "memorysetup-profiler-allocator-block-size=16777216"
    "memorysetup-profiler-editor-allocator-block-size=1048576"
    "memorysetup-temp-allocator-size-main=16777216"
    "memorysetup-job-temp-allocator-block-size=2097152"
    "memorysetup-job-temp-allocator-block-size-background=1048576"
    "memorysetup-job-temp-allocator-reduction-small-platforms=262144"
    "memorysetup-allocator-temp-initial-block-size-main=262144"
    "memorysetup-allocator-temp-initial-block-size-worker=262144"
    "memorysetup-temp-allocator-size-background-worker=32768"
    "memorysetup-temp-allocator-size-job-worker=262144"
    "memorysetup-temp-allocator-size-preload-manager=33554432"
    "memorysetup-temp-allocator-size-nav-mesh-worker=65536"
    "memorysetup-temp-allocator-size-audio-worker=65536"
    "memorysetup-temp-allocator-size-cloud-worker=32768"
    "memorysetup-temp-allocator-size-gi-baking-worker=262144"
    "memorysetup-temp-allocator-size-gfx=262144"
Player connection [19948] Host "[IP] 192.168.0.89 [Port] 0 [Flags] 2 [Guid] 2831958836 [EditorId] 2831958836 [Version] 1048832 [Id] WindowsEditor(7,DESKTOP-CSNRNKI) [Debug] 1 [PackageName] WindowsEditor [ProjectName] Editor" joined multi-casting on [225.0.0.222:54997]...

Player connection [19948] Host "[IP] 192.168.0.89 [Port] 0 [Flags] 2 [Guid] 2831958836 [EditorId] 2831958836 [Version] 1048832 [Id] WindowsEditor(7,DESKTOP-CSNRNKI) [Debug] 1 [PackageName] WindowsEditor [ProjectName] Editor" joined alternative multi-casting on [225.0.0.222:34997]...

[Physics::Module] Initialized MultithreadedJobDispatcher with 15 workers.
Refreshing native plugins compatible for Editor in 4.98 ms, found 2 plugins.
Preloading 0 native plugins for Editor in 0.00 ms.
Initialize engine version: 2022.3.19f1 (244b723c30a6)
[Subsystems] Discovering subsystems at path C:/Program Files/Unity/Hub/Editor/2022.3.19f1/Editor/Data/Resources/UnitySubsystems
[Subsystems] Discovering subsystems at path C:/Users/Bruno/Documents/GitHub/Open-Word-Mod-3D/Assets
GfxDevice: creating device client; threaded=0; jobified=0
Direct3D:
    Version:  Direct3D 11.0 [level 11.1]
    Renderer: NVIDIA GeForce RTX 5090 (ID=0x2b85)
    Vendor:   NVIDIA
    VRAM:     32100 MB
    Driver:   32.0.15.7283
Initialize mono
Mono path[0] = 'C:/Program Files/Unity/Hub/Editor/2022.3.19f1/Editor/Data/Managed'
Mono path[1] = 'C:/Program Files/Unity/Hub/Editor/2022.3.19f1/Editor/Data/MonoBleedingEdge/lib/mono/unityjit-win32'
Mono config path = 'C:/Program Files/Unity/Hub/Editor/2022.3.19f1/Editor/Data/MonoBleedingEdge/etc'
Using monoOptions --debugger-agent=transport=dt_socket,embedding=1,server=y,suspend=n,address=127.0.0.1:56720
Begin MonoManager ReloadAssembly
Registering precompiled unity dll's ...
Register platform support module: C:/Program Files/Unity/Hub/Editor/2022.3.19f1/Editor/Data/PlaybackEngines/WindowsStandaloneSupport/UnityEditor.WindowsStandalone.Extensions.dll
Registered in 0.005386 seconds.
- Loaded All Assemblies, in  0.185 seconds
Native extension for WindowsStandalone target not found
Mono: successfully reloaded assembly
- Finished resetting the current domain, in  0.140 seconds
Domain Reload Profiling: 324ms
	BeginReloadAssembly (58ms)
		ExecutionOrderSort (0ms)
		DisableScriptedObjects (0ms)
		BackupInstance (0ms)
		ReleaseScriptingObjects (0ms)
		CreateAndSetChildDomain (0ms)
	RebuildCommonClasses (19ms)
	RebuildNativeTypeToScriptingClass (5ms)
	initialDomainReloadingComplete (32ms)
	LoadAllAssembliesAndSetupDomain (70ms)
		LoadAssemblies (56ms)
		RebuildTransferFunctionScriptingTraits (0ms)
		AnalyzeDomain (69ms)
			TypeCache.Refresh (68ms)
				TypeCache.ScanAssembly (61ms)
			ScanForSourceGeneratedMonoScriptInfo (0ms)
			ResolveRequiredComponents (0ms)
	FinalizeReload (141ms)
		ReleaseScriptCaches (0ms)
		RebuildScriptCaches (0ms)
		SetupLoadedEditorAssemblies (111ms)
			LogAssemblyErrors (0ms)
			InitializePlatformSupportModulesInManaged (6ms)
			SetLoadedEditorAssemblies (4ms)
			RefreshPlugins (0ms)
			BeforeProcessingInitializeOnLoad (1ms)
			ProcessInitializeOnLoadAttributes (77ms)
			ProcessInitializeOnLoadMethodAttributes (22ms)
			AfterProcessingInitializeOnLoad (0ms)
			EditorAssembliesLoaded (0ms)
		ExecutionOrderSort2 (0ms)
		AwakeInstancesAfterBackupRestoration (0ms)
========================================================================
Worker process is ready to serve import requests
Begin MonoManager ReloadAssembly
- Loaded All Assemblies, in  0.316 seconds
Refreshing native plugins compatible for Editor in 1.39 ms, found 2 plugins.
Native extension for WindowsStandalone target not found
Package Manager log level set to [2]
[Package Manager] Server::EnsureServerProcessIsRunning -- launch failed, reason: Unity was launched with the -noUpm command-line argument
[Package Manager] UpmClient::Send -- Unable to send message (not connected to UPM process).
[Package Manager] Cannot connect to Unity Package Manager local server
Mono: successfully reloaded assembly
- Finished resetting the current domain, in  0.369 seconds
Domain Reload Profiling: 684ms
	BeginReloadAssembly (83ms)
		ExecutionOrderSort (0ms)
		DisableScriptedObjects (3ms)
		BackupInstance (0ms)
		ReleaseScriptingObjects (0ms)
		CreateAndSetChildDomain (15ms)
	RebuildCommonClasses (18ms)
	RebuildNativeTypeToScriptingClass (5ms)
	initialDomainReloadingComplete (16ms)
	LoadAllAssembliesAndSetupDomain (192ms)
		LoadAssemblies (157ms)
		RebuildTransferFunctionScriptingTraits (0ms)
		AnalyzeDomain (82ms)
			TypeCache.Refresh (66ms)
				TypeCache.ScanAssembly (58ms)
			ScanForSourceGeneratedMonoScriptInfo (10ms)
			ResolveRequiredComponents (5ms)
	FinalizeReload (369ms)
		ReleaseScriptCaches (0ms)
		RebuildScriptCaches (0ms)
		SetupLoadedEditorAssemblies (288ms)
			LogAssemblyErrors (0ms)
			InitializePlatformSupportModulesInManaged (5ms)
			SetLoadedEditorAssemblies (2ms)
			RefreshPlugins (0ms)
			BeforeProcessingInitializeOnLoad (38ms)
			ProcessInitializeOnLoadAttributes (202ms)
			ProcessInitializeOnLoadMethodAttributes (36ms)
			AfterProcessingInitializeOnLoad (5ms)
			EditorAssembliesLoaded (0ms)
		ExecutionOrderSort2 (0ms)
		AwakeInstancesAfterBackupRestoration (4ms)
Launched and connected shader compiler UnityShaderCompiler.exe after 0.04 seconds
Refreshing native plugins compatible for Editor in 2.78 ms, found 2 plugins.
Preloading 0 native plugins for Editor in 0.00 ms.
Unloading 3801 Unused Serialized files (Serialized files now loaded: 0)
Unloading 72 unused Assets / (0.8 MB). Loaded Objects now: 4278.
Memory consumption went from 246.1 MB to 245.3 MB.
Total: 3.360200 ms (FindLiveObjects: 0.304200 ms CreateObjectMapping: 0.084500 ms MarkObjects: 2.413200 ms  DeleteObjects: 0.557600 ms)

AssetImportParameters requested are different than current active one (requested -> active):
  custom:container-demuxer-ogg: 62fdf1f143b41e24485cea50d1cbac27 -> 
  custom:video-decoder-ogg-theora: a1e56fd34408186e4bbccfd4996cb3dc -> 
  custom:framework-win-MediaFoundation: 216162199b28c13a410421893ffa2e32 -> 
  custom:CustomObjectIndexerAttribute: 62b5816608c3102f162a1797e29626cf -> 
  custom:container-demuxer-webm: 4f35f7cbe854078d1ac9338744f61a02 -> 
  custom:container-muxer-webm: aa71ff27fc2769a1b78a27578f13a17b -> 
  custom:video-decoder-webm-vp8: 9c59270c3fd7afecdb556c50c9e8de78 -> 
  custom:SearchIndexIgnoredProperties: e643bd26f0fe6173181afceb89e7c659 -> 
  custom:AudioImporter_EditorPlatform: d09bf68614088b80899f8185d706f6e7 -> 
  custom:video-encoder-webm-vp8: eb34c28f22e8b96e1ab97ce403110664 -> 
  custom:audio-decoder-ogg-vorbis: bf7c407c2cedff20999df2af8eb42d56 -> 
  custom:audio-encoder-webm-vorbis: bf7c407c2cedff20999df2af8eb42d56 -> 
========================================================================
Received Import Request.
  Time since last request: 71190.295273 seconds.
  path: Assets/_TerrainAutoUpgrade/layer_Dirt_2_DiffuseDirt_2_Normal2023054508611406.terrainlayer
  artifactKey: Guid(ce5cabbab7e369d4fb3cfd1d1bb2991d) Importer(815301076,1909f56bfc062723c751e8b465ee728b)
Start importing Assets/_TerrainAutoUpgrade/layer_Dirt_2_DiffuseDirt_2_Normal2023054508611406.terrainlayer using Guid(ce5cabbab7e369d4fb3cfd1d1bb2991d) Importer(815301076,1909f56bfc062723c751e8b465ee728b)  -> (artifact id: '6099404382f9aaba8c39fd915c34ff68') in 0.082733 seconds
Number of updated asset objects reloaded before import = 0
Number of asset objects unloaded after import = 1
========================================================================
Received Import Request.
  Time since last request: 0.000107 seconds.
  path: Assets/_TerrainAutoUpgrade/layer_Cliff_2_DiffuseCliff_2_Normaleda51f90c7f37482.terrainlayer
  artifactKey: Guid(4afad38f329a56a438fd7f130bc6f864) Importer(815301076,1909f56bfc062723c751e8b465ee728b)
Start importing Assets/_TerrainAutoUpgrade/layer_Cliff_2_DiffuseCliff_2_Normaleda51f90c7f37482.terrainlayer using Guid(4afad38f329a56a438fd7f130bc6f864) Importer(815301076,1909f56bfc062723c751e8b465ee728b)  -> (artifact id: '8136320f04ea62fa163b1028943cfc6e') in 0.002102 seconds
Number of updated asset objects reloaded before import = 0
Number of asset objects unloaded after import = 1
========================================================================
Received Import Request.
  Time since last request: 0.000011 seconds.
  path: Assets/_TerrainAutoUpgrade/layer_Dirt_1_DiffuseDirt_1_Normal2023054508611406.terrainlayer
  artifactKey: Guid(e92dd3d55f30eb54294297248dfce61b) Importer(815301076,1909f56bfc062723c751e8b465ee728b)
Start importing Assets/_TerrainAutoUpgrade/layer_Dirt_1_DiffuseDirt_1_Normal2023054508611406.terrainlayer using Guid(e92dd3d55f30eb54294297248dfce61b) Importer(815301076,1909f56bfc062723c751e8b465ee728b)  -> (artifact id: '830f77505959fc91a1d7d54465827cfe') in 0.001268 seconds
Number of updated asset objects reloaded before import = 0
Number of asset objects unloaded after import = 1
========================================================================
Received Import Request.
  Time since last request: 0.000081 seconds.
  path: Assets/_TerrainAutoUpgrade/layer_Cliff_1_DiffuseCliff_1_Normaleda51f90c7f37482.terrainlayer
  artifactKey: Guid(31d3ce8fd6de20d4d88343fea074fc9a) Importer(815301076,1909f56bfc062723c751e8b465ee728b)
Start importing Assets/_TerrainAutoUpgrade/layer_Cliff_1_DiffuseCliff_1_Normaleda51f90c7f37482.terrainlayer using Guid(31d3ce8fd6de20d4d88343fea074fc9a) Importer(815301076,1909f56bfc062723c751e8b465ee728b)  -> (artifact id: '69736fe281be27c0495daddcf871dc77') in 0.001495 seconds
Number of updated asset objects reloaded before import = 0
Number of asset objects unloaded after import = 1
========================================================================
Received Import Request.
  Time since last request: 0.000009 seconds.
  path: Assets/_TerrainAutoUpgrade/layer_Grass_2_DiffuseGrass_2_Normal2023054508611406.terrainlayer
  artifactKey: Guid(19722ef914f190641a33e6ff92886313) Importer(815301076,1909f56bfc062723c751e8b465ee728b)
Start importing Assets/_TerrainAutoUpgrade/layer_Grass_2_DiffuseGrass_2_Normal2023054508611406.terrainlayer using Guid(19722ef914f190641a33e6ff92886313) Importer(815301076,1909f56bfc062723c751e8b465ee728b)  -> (artifact id: 'b3e12c6e70a7d0872404b2e49485160e') in 0.001418 seconds
Number of updated asset objects reloaded before import = 0
Number of asset objects unloaded after import = 1
========================================================================
Received Import Request.
  Time since last request: 0.318769 seconds.
  path: Assets/Store/AZURE Nature/Prefabs/BroadleafTerr.prefab
  artifactKey: Guid(35914d8def62a374e960b9bbead2d57f) Importer(815301076,1909f56bfc062723c751e8b465ee728b)
Start importing Assets/Store/AZURE Nature/Prefabs/BroadleafTerr.prefab using Guid(35914d8def62a374e960b9bbead2d57f) Importer(815301076,1909f56bfc062723c751e8b465ee728b)  -> (artifact id: 'b0580869efc3688c20164c6f1d0453c8') in 1.293849 seconds
Number of updated asset objects reloaded before import = 0
Number of asset objects unloaded after import = 15
========================================================================
Received Import Request.
  Time since last request: 0.000022 seconds.
  path: Assets/Store/Lux URP Essentials/Core/Shaders/Terrain Mesh/Includes/Lux URP MeshTerrain DepthNormal Pass.hlsl
  artifactKey: Guid(9b00e30ca542d5a4aae6bc86754cdca0) Importer(815301076,1909f56bfc062723c751e8b465ee728b)
Start importing Assets/Store/Lux URP Essentials/Core/Shaders/Terrain Mesh/Includes/Lux URP MeshTerrain DepthNormal Pass.hlsl using Guid(9b00e30ca542d5a4aae6bc86754cdca0) Importer(815301076,1909f56bfc062723c751e8b465ee728b)  -> (artifact id: 'f2d9990f1c2582b082337de5c7fe4716') in 0.000911 seconds
Number of updated asset objects reloaded before import = 0
Number of asset objects unloaded after import = 1
========================================================================
Received Import Request.
  Time since last request: 0.000046 seconds.
  path: Assets/Store/Lux URP Essentials/Demos/Art Assets/Tree Creator/Lux URP simple Terrain.mat
  artifactKey: Guid(9465473573909d847bf6be21a66c733e) Importer(815301076,1909f56bfc062723c751e8b465ee728b)
Start importing Assets/Store/Lux URP Essentials/Demos/Art Assets/Tree Creator/Lux URP simple Terrain.mat using Guid(9465473573909d847bf6be21a66c733e) Importer(815301076,1909f56bfc062723c751e8b465ee728b)  -> (artifact id: 'c4b892047da5ee787aeaa3f80ea7792c') in 0.232072 seconds
Number of updated asset objects reloaded before import = 0
Number of asset objects unloaded after import = 4
========================================================================
Received Import Request.
  Time since last request: 0.130791 seconds.
  path: Assets/Store/Lux URP Essentials/Demos/Art Assets/Terrains/Sources/M Terrain Path.mat
  artifactKey: Guid(224d63ca214d248be86f06c3dd15f6b9) Importer(815301076,1909f56bfc062723c751e8b465ee728b)
Start importing Assets/Store/Lux URP Essentials/Demos/Art Assets/Terrains/Sources/M Terrain Path.mat using Guid(224d63ca214d248be86f06c3dd15f6b9) Importer(815301076,1909f56bfc062723c751e8b465ee728b)  -> (artifact id: '5f6c059e7a6b7b4ffbefab7ea8ea794d') in 0.206110 seconds
Number of updated asset objects reloaded before import = 0
Number of asset objects unloaded after import = 11
========================================================================
Received Import Request.
  Time since last request: 0.000016 seconds.
  path: Assets/Store/Lux URP Essentials/Demos/Art Assets/Tree Creator LOD trees/Conifer LOD/PF Conifer LOD Terrain.prefab
  artifactKey: Guid(8e71192ac3b95b6408df59206a296a64) Importer(815301076,1909f56bfc062723c751e8b465ee728b)
Start importing Assets/Store/Lux URP Essentials/Demos/Art Assets/Tree Creator LOD trees/Conifer LOD/PF Conifer LOD Terrain.prefab using Guid(8e71192ac3b95b6408df59206a296a64) Importer(815301076,1909f56bfc062723c751e8b465ee728b)  -> (artifact id: '498381c5eca208aba9f8c5ecdb5821c5') in 0.778920 seconds
Number of updated asset objects reloaded before import = 0
Number of asset objects unloaded after import = 41
Editor requested this worker to shutdown with reason: Scaling down because of idle timeout
TcpMessagingSession - receive error: operation aborted. errorcode: 995, details: A operação de E/S foi anulada devido a uma saída de thread ou a uma requisição de aplicativo.
AssetImportWorker is now disconnected from the server
Process exiting
Exiting without the bug reporter. Application will terminate with return code 0